<?xml version="1.0" encoding="UTF-8"?>
<!-- Generated by org.testng.reporters.JUnitXMLReporter -->
<testsuite ignored="0" hostname="DESKTOP-P11B4KT" failures="0" tests="3" name="Test" time="9.123" errors="0" timestamp="11 May 2023 08:25:52 GMT">
  <testcase classname="com.intellect.tests.TestGetCreditCardsDetails" name="testGetCreditCardsDetails" time="6.433"/>
  <testcase classname="com.intellect.tests.TestGetAddress" name="testGetAddress" time="1.297"/>
  <testcase classname="com.intellect.tests.TestGetUsers" name="testGetUsers" time="1.334"/>
</testsuite> <!-- Test -->
