<?xml version="1.0" encoding="UTF-8"?>
<testng-results ignored="0" total="1" passed="1" failed="0" skipped="0">
  <reporter-output>
  </reporter-output>
  <suite started-at="2023-05-10T17:56:29Z" name="Default suite" finished-at="2023-05-10T17:56:34Z" duration-ms="4886">
    <groups>
    </groups>
    <test started-at="2023-05-10T17:56:29Z" name="Default test" finished-at="2023-05-10T17:56:34Z" duration-ms="4886">
      <class name="com.intellect.tests.TestGetCreditCardsDetails">
        <test-method is-config="true" signature="initialize()[pri:0, instance:com.intellect.tests.TestGetCreditCardsDetails@7241a47d]" started-at="2023-05-10T17:56:29Z" name="initialize" finished-at="2023-05-10T17:56:29Z" duration-ms="17" status="PASS">
          <reporter-output>
          </reporter-output>
        </test-method> <!-- initialize -->
        <test-method signature="testGetCreditCardsDetails()[pri:0, instance:com.intellect.tests.TestGetCreditCardsDetails@7241a47d]" started-at="2023-05-10T17:56:29Z" name="testGetCreditCardsDetails" finished-at="2023-05-10T17:56:34Z" duration-ms="4842" status="PASS">
          <reporter-output>
          </reporter-output>
        </test-method> <!-- testGetCreditCardsDetails -->
      </class> <!-- com.intellect.tests.TestGetCreditCardsDetails -->
    </test> <!-- Default test -->
  </suite> <!-- Default suite -->
</testng-results>
