<?xml version="1.0" encoding="UTF-8"?>
<testng-results ignored="0" total="3" passed="3" failed="0" skipped="0">
  <reporter-output>
  </reporter-output>
  <suite started-at="2023-05-11T08:25:43Z" name="Suite" finished-at="2023-05-11T08:25:52Z" duration-ms="9123">
    <groups>
    </groups>
    <test started-at="2023-05-11T08:25:43Z" name="Test" finished-at="2023-05-11T08:25:52Z" duration-ms="9123">
      <class name="com.intellect.tests.TestGetAddress">
        <test-method is-config="true" signature="initialize()[pri:0, instance:com.intellect.tests.TestGetAddress@76884e4b]" started-at="2023-05-11T08:25:50Z" name="initialize" finished-at="2023-05-11T08:25:50Z" duration-ms="1" status="PASS">
          <reporter-output>
          </reporter-output>
        </test-method> <!-- initialize -->
        <test-method signature="testGetAddress()[pri:0, instance:com.intellect.tests.TestGetAddress@76884e4b]" started-at="2023-05-11T08:25:50Z" name="testGetAddress" finished-at="2023-05-11T08:25:51Z" duration-ms="1297" status="PASS">
          <reporter-output>
          </reporter-output>
        </test-method> <!-- testGetAddress -->
      </class> <!-- com.intellect.tests.TestGetAddress -->
      <class name="com.intellect.tests.TestGetUsers">
        <test-method is-config="true" signature="initialize()[pri:0, instance:com.intellect.tests.TestGetUsers@126945f9]" started-at="2023-05-11T08:25:51Z" name="initialize" finished-at="2023-05-11T08:25:51Z" duration-ms="1" status="PASS">
          <reporter-output>
          </reporter-output>
        </test-method> <!-- initialize -->
        <test-method signature="testGetUsers()[pri:0, instance:com.intellect.tests.TestGetUsers@126945f9]" started-at="2023-05-11T08:25:51Z" name="testGetUsers" finished-at="2023-05-11T08:25:52Z" duration-ms="1334" status="PASS">
          <reporter-output>
          </reporter-output>
        </test-method> <!-- testGetUsers -->
      </class> <!-- com.intellect.tests.TestGetUsers -->
      <class name="com.intellect.tests.TestGetCreditCardsDetails">
        <test-method is-config="true" signature="initialize()[pri:0, instance:com.intellect.tests.TestGetCreditCardsDetails@5f0e9815]" started-at="2023-05-11T08:25:43Z" name="initialize" finished-at="2023-05-11T08:25:43Z" duration-ms="23" status="PASS">
          <reporter-output>
          </reporter-output>
        </test-method> <!-- initialize -->
        <test-method signature="testGetCreditCardsDetails()[pri:0, instance:com.intellect.tests.TestGetCreditCardsDetails@5f0e9815]" started-at="2023-05-11T08:25:43Z" name="testGetCreditCardsDetails" finished-at="2023-05-11T08:25:50Z" duration-ms="6433" status="PASS">
          <reporter-output>
          </reporter-output>
        </test-method> <!-- testGetCreditCardsDetails -->
      </class> <!-- com.intellect.tests.TestGetCreditCardsDetails -->
    </test> <!-- Test -->
  </suite> <!-- Suite -->
</testng-results>
